<?xml version="1.0" encoding="UTF-8"?>
<!-- Generated by org.testng.reporters.JUnitReportReporter -->
<testsuite hostname="DESKTOP-ISIJ8S4" failures="0" tests="1" name="tests.Price_Compare" time="46.115" errors="0" timestamp="2022-01-01T08:59:30 BDT" skipped="0">
  <testcase classname="tests.Price_Compare" name="comparePrice" time="46.115"/>
  <system-out/>
</testsuite> <!-- tests.Price_Compare -->
